[22:32:51] [main/WARN] (FabricLoader/Knot) Class path entries reference missing files: C:\Users\paolo\Desktop\MinecraftMod\Fabric 1.21.1\ModHM\build\classes\kotlin\main - the game may not load properly!
[22:32:51] [main/INFO] (FabricLoader/GameProvider) Loading Minecraft 1.21.1 with Fabric Loader 0.16.14
[22:32:51] [main/INFO] (FabricLoader) Loading 57 mods:
	- cobblemon 1.6.0+1.21.1-HEAD-f77af7c
	- cobblemon_fabric_mdk 1.0.0-SNAPSHOT
	- fabric-api 0.116.4+1.21.1
	- fabric-api-base 0.4.42+6573ed8c19
	- fabric-api-lookup-api-v1 1.6.71+b559734419
	- fabric-biome-api-v1 13.0.31+d527f9fd19
	- fabric-block-api-v1 1.1.0+0bc3503219
	- fabric-block-view-api-v2 1.0.11+ebb2264e19
	- fabric-blockrenderlayer-v1 1.1.52+0af3f5a719
	- fabric-client-tags-api-v1 1.1.15+6573ed8c19
	- fabric-command-api-v1 1.2.49+f71b366f19
	- fabric-command-api-v2 2.2.28+6ced4dd919
	- fabric-commands-v0 0.2.66+df3654b319
	- fabric-content-registries-v0 8.0.19+b559734419
	- fabric-convention-tags-v1 2.1.5+7f945d5b19
	- fabric-convention-tags-v2 2.11.1+a406e79519
	- fabric-crash-report-info-v1 0.2.29+0af3f5a719
	- fabric-data-attachment-api-v1 1.4.5+6116a37819
	- fabric-data-generation-api-v1 20.2.32+5b9dea2e19
	- fabric-dimensions-v1 4.0.0+6fc22b9919
	- fabric-entity-events-v1 1.8.0+2b27e0a419
	- fabric-events-interaction-v0 0.7.13+ba9dae0619
	- fabric-game-rule-api-v1 1.0.53+6ced4dd919
	- fabric-gametest-api-v1 2.0.5+6fc22b9919
	- fabric-item-api-v1 11.1.1+d5debaed19
	- fabric-item-group-api-v1 4.1.7+def88e3a19
	- fabric-key-binding-api-v1 1.0.47+0af3f5a719
	- fabric-keybindings-v0 0.2.45+df3654b319
	- fabric-language-kotlin 1.12.3+kotlin.2.0.21
	- fabric-lifecycle-events-v1 2.6.0+0865547519
	- fabric-loot-api-v2 3.0.15+3f89f5a519
	- fabric-loot-api-v3 1.0.3+3f89f5a519
	- fabric-message-api-v1 6.0.14+8aaf3aca19
	- fabric-model-loading-api-v1 2.0.0+fe474d6b19
	- fabric-networking-api-v1 4.3.0+c7469b2119
	- fabric-object-builder-api-v1 15.2.1+40875a9319
	- fabric-particles-v1 4.0.2+6573ed8c19
	- fabric-recipe-api-v1 5.0.14+248df81c19
	- fabric-registry-sync-v0 5.3.1+e3eddc2119
	- fabric-renderer-api-v1 3.4.0+c705a49c19
	- fabric-renderer-indigo 1.7.0+c705a49c19
	- fabric-renderer-registries-v1 3.2.69+df3654b319
	- fabric-rendering-data-attachment-v1 0.3.49+73761d2e19
	- fabric-rendering-fluids-v1 3.1.6+1daea21519
	- fabric-rendering-v0 1.1.72+df3654b319
	- fabric-rendering-v1 5.1.0+ab4c25a019
	- fabric-resource-conditions-api-v1 4.3.0+8dc279b119
	- fabric-resource-loader-v0 1.3.1+5b5275af19
	- fabric-screen-api-v1 2.0.25+8b68f1c719
	- fabric-screen-handler-api-v1 1.3.90+b559734419
	- fabric-sound-api-v1 1.0.23+6573ed8c19
	- fabric-transfer-api-v1 5.4.3+c24bd99419
	- fabric-transitive-access-wideners-v1 6.2.0+45b9699719
	- fabricloader 0.16.14
	- java 21
	- minecraft 1.21.1
	- mixinextras 0.4.1
[22:32:52] [main/INFO] (FabricLoader/Mixin) SpongePowered MIXIN Subsystem Version=0.8.7 Source=file:/C:/Users/paolo/.gradle/caches/modules-2/files-2.1/net.fabricmc/sponge-mixin/0.15.5+mixin.0.8.7/22f9eb729e216a091673a574a5906dc1b9027fb3/sponge-mixin-0.15.5+mixin.0.8.7.jar Service=Knot/Fabric Env=CLIENT
[22:32:52] [main/INFO] (FabricLoader/Mixin) Loaded Fabric development mappings for mixin remapper!
[22:32:52] [main/INFO] (FabricLoader/Mixin) Compatibility level set to JAVA_17
[22:32:52] [main/INFO] (FabricLoader/Mixin) Compatibility level set to JAVA_21
[22:32:52] [main/WARN] (FabricLoader/Mixin) Error loading class: juuxel/adorn/block/variant/BlockVariantSets (java.lang.ClassNotFoundException: juuxel/adorn/block/variant/BlockVariantSets)
[22:32:52] [main/WARN] (FabricLoader/Mixin) @Mixin target juuxel.adorn.block.variant.BlockVariantSets was not found mixins.cobblemon-common.json:invoker.AdornRegisterInvoker from mod cobblemon
[22:32:53] [main/INFO] (FabricLoader/MixinExtras|Service) Initializing MixinExtras via com.llamalad7.mixinextras.service.MixinExtrasServiceImpl(version=0.4.1).
[22:32:55] [Datafixer Bootstrap/INFO] (Minecraft) 226 Datafixer optimizations took 409 milliseconds
[22:33:01] [Render thread/INFO] (Minecraft) Environment: Environment[sessionHost=https://sessionserver.mojang.com, servicesHost=https://api.minecraftservices.com, name=PROD]
[22:33:01] [Render thread/INFO] (Minecraft) Setting user: Player110
[22:33:01] [Render thread/INFO] (Minecraft) [STDOUT]: [FlyTargetManager] No flytargets.json file found, starting with empty list.
[22:33:01] [Render thread/INFO] (modhm) Registering Mod Sounds for modhm
[22:33:01] [Render thread/INFO] (modhm) Registering Screen Handlers for modhm
[22:33:01] [Render thread/INFO] (modhm) Registering Block Entities for modhm
[22:33:01] [Render thread/INFO] (modhm) Registering Mod Items for modhm
[22:33:01] [Render thread/INFO] (modhm) Registering Mod Blocks for modhm
[22:33:01] [Render thread/INFO] (modhm) Registering Item Groups for: modhm
[22:33:01] [Render thread/INFO] (modhm) Hello Fabric world!
[22:33:01] [Render thread/INFO] (Cobblemon) Booting LaxPermissionValidator, permissions will be checked using Minecrafts permission level system, see https://minecraft.fandom.com/wiki/Permission_level
[22:33:01] [Render thread/INFO] (Cobblemon) Launching Cobblemon 1.6.0-SNAPSHOT 
[22:33:01] [Render thread/INFO] (Cobblemon)   - Git Commit: f77af7c (https://gitlab.com/cable-mc/cobblemon/-/commit/f77af7c9545cda9f1f60507fd688e2d419654d19)
[22:33:01] [Render thread/INFO] (Cobblemon)   - Branch: HEAD
[22:33:01] [Render thread/ERROR] (Minecraft) No data fixer registered for cobblemon:pokemon
[22:33:01] [Render thread/ERROR] (Minecraft) No data fixer registered for cobblemon:empty_pokeball
[22:33:01] [Render thread/ERROR] (Minecraft) No data fixer registered for cobblemon:boat
[22:33:01] [Render thread/ERROR] (Minecraft) No data fixer registered for cobblemon:chest_boat
[22:33:01] [Render thread/ERROR] (Minecraft) No data fixer registered for cobblemon:poke_bobber
[22:33:01] [Render thread/ERROR] (Minecraft) No data fixer registered for cobblemon:generic_bedrock
[22:33:01] [Render thread/ERROR] (Minecraft) No data fixer registered for cobblemon:npc
[22:33:02] [Render thread/INFO] (Cobblemon) Starting the Best Spawner...
[22:33:02] [Render thread/INFO] (Cobblemon) Loaded 7 spawning condition types.
[22:33:02] [Render thread/INFO] (Cobblemon) Loaded 6 spawning context types.
[22:33:02] [Render thread/INFO] (Cobblemon) Loaded 2 spawn detail types.
[22:33:02] [Cobblemon Showdown/INFO] (Cobblemon) Starting showdown service...
[22:33:04] [Cobblemon Showdown/INFO] (Cobblemon) Showdown has been started!
[22:33:04] [Render thread/INFO] (Cobblemon) Note: Cobblemon data registries are only loaded once per server instance as Pokémon species are not safe to reload.
[22:33:04] [Render thread/INFO] (Cobblemon) Registered the cobblemon:molang registry
[22:33:04] [Render thread/INFO] (Cobblemon) Registered the cobblemon:species_features registry
[22:33:04] [Render thread/INFO] (Cobblemon) Registered the cobblemon:global_species_features registry
[22:33:04] [Render thread/INFO] (Cobblemon) Registered the cobblemon:species_feature_assignments registry
[22:33:04] [Render thread/INFO] (Cobblemon) Registered the cobblemon:action_effects registry
[22:33:04] [Render thread/INFO] (Cobblemon) Registered the cobblemon:moves registry
[22:33:04] [Render thread/INFO] (Cobblemon) Registered the cobblemon:abilities registry
[22:33:04] [Render thread/INFO] (Cobblemon) Registered the cobblemon:brain_presets registry
[22:33:04] [Render thread/INFO] (Cobblemon) Registered the cobblemon:species registry
[22:33:04] [Render thread/INFO] (Cobblemon) Registered the cobblemon:species_additions registry
[22:33:04] [Render thread/INFO] (Cobblemon) Registered the cobblemon:pokeballs registry
[22:33:04] [Render thread/INFO] (Cobblemon) Registered the cobblemon:properties_tab_completion registry
[22:33:04] [Render thread/INFO] (Cobblemon) Registered the cobblemon:spawn_detail_presets registry
[22:33:04] [Render thread/INFO] (Cobblemon) Registered the cobblemon:spawn_rules registry
[22:33:04] [Render thread/INFO] (Cobblemon) Registered the cobblemon:mechanics registry
[22:33:04] [Render thread/INFO] (Cobblemon) Registered the cobblemon:bag_items registry
[22:33:04] [Render thread/INFO] (Cobblemon) Registered the cobblemon:dialogues registry
[22:33:04] [Render thread/INFO] (Cobblemon) Registered the cobblemon:natural_materials registry
[22:33:04] [Render thread/INFO] (Cobblemon) Registered the cobblemon:fossils registry
[22:33:04] [Render thread/INFO] (Cobblemon) Registered the cobblemon:npc_preset registry
[22:33:04] [Render thread/INFO] (Cobblemon) Registered the cobblemon:npc registry
[22:33:04] [Render thread/INFO] (Cobblemon) Registered the cobblemon:dex_entries registry
[22:33:04] [Render thread/INFO] (Cobblemon) Registered the cobblemon:dex_entry_additions registry
[22:33:04] [Render thread/INFO] (Cobblemon) Registered the cobblemon:dexes registry
[22:33:04] [Render thread/INFO] (Cobblemon) Registered the cobblemon:dex_additions registry
[22:33:04] [Render thread/INFO] (Cobblemon) Registered the cobblemon:flows registry
[22:33:04] [Render thread/INFO] (Cobblemon) Registered the cobblemon:spawn_pool_world registry
[22:33:04] [Render thread/INFO] (Cobblemon) Registered the cobblemon:pokerods registry
[22:33:04] [Render thread/INFO] (Cobblemon) Registered the cobblemon:berries registry
[22:33:04] [Render thread/INFO] (Cobblemon) Registered the cobblemon:fishing_baits registry
[22:33:05] [Render thread/INFO] (Indigo) [Indigo] Registering Indigo renderer!
[22:33:05] [Render thread/INFO] (Cobblemon) Initializing Cobblemon client
[22:33:05] [Render thread/INFO] (Cobblemon) Registering Pokémon renderer
[22:33:05] [Render thread/INFO] (Cobblemon) Registering PokéBall renderer
[22:33:05] [Render thread/INFO] (Cobblemon) Registering Boat renderer
[22:33:05] [Render thread/INFO] (Cobblemon) Registering Boat with Chest renderer
[22:33:05] [Render thread/INFO] (Cobblemon) Registering Generic Bedrock renderer
[22:33:05] [Render thread/INFO] (Cobblemon) Registering Generic Bedrock Entity renderer
[22:33:05] [Render thread/INFO] (Cobblemon) Registering PokeRod Bobber renderer
[22:33:05] [Render thread/INFO] (Cobblemon) Registering NPC renderer
[22:33:05] [Render thread/INFO] (Cobblemon) Registering custom BuiltinItemRenderers
[22:33:05] [Render thread/INFO] (Minecraft) Backend library: LWJGL version 3.3.3-snapshot
[22:33:07] [Render thread/INFO] (Minecraft) Reloading ResourceManager: vanilla, fabric, cobblemon, cobblemon_fabric_mdk, fabric-api, fabric-api-base, fabric-api-lookup-api-v1, fabric-biome-api-v1, fabric-block-api-v1, fabric-block-view-api-v2, fabric-blockrenderlayer-v1, fabric-client-tags-api-v1, fabric-command-api-v1, fabric-command-api-v2, fabric-commands-v0, fabric-content-registries-v0, fabric-convention-tags-v1, fabric-convention-tags-v2, fabric-crash-report-info-v1, fabric-data-attachment-api-v1, fabric-data-generation-api-v1, fabric-dimensions-v1, fabric-entity-events-v1, fabric-events-interaction-v0, fabric-game-rule-api-v1, fabric-gametest-api-v1, fabric-item-api-v1, fabric-item-group-api-v1, fabric-key-binding-api-v1, fabric-keybindings-v0, fabric-language-kotlin, fabric-lifecycle-events-v1, fabric-loot-api-v2, fabric-loot-api-v3, fabric-message-api-v1, fabric-model-loading-api-v1, fabric-networking-api-v1, fabric-object-builder-api-v1, fabric-particles-v1, fabric-recipe-api-v1, fabric-registry-sync-v0, fabric-renderer-api-v1, fabric-renderer-indigo, fabric-renderer-registries-v1, fabric-rendering-data-attachment-v1, fabric-rendering-fluids-v1, fabric-rendering-v0, fabric-rendering-v1, fabric-resource-conditions-api-v1, fabric-resource-loader-v0, fabric-screen-api-v1, fabric-screen-handler-api-v1, fabric-sound-api-v1, fabric-transfer-api-v1, fabric-transitive-access-wideners-v1, fabricloader, cobblemon:gyaradosjump, cobblemon:regionbiasforms
[22:33:07] [Render thread/INFO] (Minecraft) [STDOUT]: [FlyMenuOption] Flag canAddFlyOption resettato
[22:33:07] [Worker-Main-13/INFO] (Minecraft) Found unifont_all_no_pua-15.1.05.hex, loading
[22:33:07] [Worker-Main-12/INFO] (Minecraft) Found unifont_jp_patch-15.1.05.hex, loading
[22:33:07] [Worker-Main-7/WARN] (Minecraft) Texture cobblemon:block/razz_sprout with size 8x4 limits mip level from 4 to 2
[22:33:07] [Worker-Main-7/WARN] (Minecraft) minecraft:textures/atlas/blocks.png: dropping miplevel from 4 to 2, because of minimum power of two: 4
[22:33:09] [Render thread/WARN] (Minecraft) Missing sound for event: minecraft:item.goat_horn.play
[22:33:09] [Render thread/WARN] (Minecraft) Missing sound for event: minecraft:entity.goat.screaming.horn_break
[22:33:09] [Render thread/INFO] (Minecraft) OpenAL initialized on device OpenAL Soft on Altoparlanti (JBL Quantum Duo)
[22:33:09] [Render thread/INFO] (Minecraft) Sound engine started
[22:33:09] [Render thread/INFO] (Minecraft) Created: 1024x1024x2 minecraft:textures/atlas/blocks.png-atlas
[22:33:09] [Render thread/INFO] (Minecraft) Created: 256x256x4 minecraft:textures/atlas/signs.png-atlas
[22:33:09] [Render thread/INFO] (Minecraft) Created: 512x512x4 minecraft:textures/atlas/banner_patterns.png-atlas
[22:33:09] [Render thread/INFO] (Minecraft) Created: 512x512x4 minecraft:textures/atlas/shield_patterns.png-atlas
[22:33:09] [Render thread/INFO] (Minecraft) Created: 2048x1024x4 minecraft:textures/atlas/armor_trims.png-atlas
[22:33:09] [Render thread/INFO] (Minecraft) Created: 256x256x4 minecraft:textures/atlas/chest.png-atlas
[22:33:09] [Render thread/INFO] (Minecraft) Created: 128x128x4 minecraft:textures/atlas/decorated_pot.png-atlas
[22:33:09] [Render thread/INFO] (Minecraft) Created: 512x256x4 minecraft:textures/atlas/beds.png-atlas
[22:33:09] [Render thread/INFO] (Minecraft) Created: 512x256x4 minecraft:textures/atlas/shulker_boxes.png-atlas
[22:33:09] [Render thread/INFO] (Minecraft) Created: 2048x2048x0 minecraft:textures/atlas/particles.png-atlas
[22:33:09] [Render thread/WARN] (Minecraft) Missing particle sprites: cobblemon:shiny_sparkle_rainbow
[22:33:09] [Render thread/INFO] (Minecraft) Created: 512x256x0 minecraft:textures/atlas/paintings.png-atlas
[22:33:09] [Render thread/INFO] (Minecraft) Created: 256x128x0 minecraft:textures/atlas/mob_effects.png-atlas
[22:33:09] [Render thread/INFO] (Minecraft) Created: 64x64x0 minecraft:textures/atlas/map_decorations.png-atlas
[22:33:09] [Render thread/INFO] (Minecraft) Created: 1024x512x0 minecraft:textures/atlas/gui.png-atlas
[22:33:09] [Render thread/WARN] (Minecraft) Shader cobblemon:particle_add could not find sampler named Sampler2 in the specified shader program.
[22:33:09] [Render thread/WARN] (Minecraft) Shader cobblemon:particle_cutout could not find sampler named Sampler2 in the specified shader program.
[22:33:09] [Render thread/WARN] (Minecraft) Shader rendertype_entity_cutout could not find uniform named IViewRotMat in the specified shader program.
[22:33:09] [Render thread/WARN] (Minecraft) Shader rendertype_entity_translucent could not find uniform named IViewRotMat in the specified shader program.
[22:33:09] [Render thread/WARN] (Minecraft) Shader rendertype_entity_translucent_emissive could not find sampler named Sampler2 in the specified shader program.
[22:33:09] [Render thread/INFO] (Minecraft) Created: 128x128x0 cobblemon:textures/atlas/berries.png-atlas
[22:33:09] [Render thread/INFO] (Cobblemon) Loading assets...
[22:33:09] [Render thread/INFO] (Cobblemon) Loading particle effects...
[22:33:10] [Render thread/INFO] (Cobblemon) Loaded 607 particle effects
[22:33:10] [Render thread/INFO] (Cobblemon) Loading animations...
[22:33:11] [Render thread/INFO] (Cobblemon) Loaded 5465 animations from 786 animation groups
[22:33:11] [Render thread/INFO] (Cobblemon) Loading Pokémon assets...
[22:33:11] [Render thread/INFO] (Cobblemon) Loaded 856 Pokémon models.
[22:33:12] [Render thread/INFO] (Cobblemon) Loaded 758 Pokémon posers.
[22:33:12] [Render thread/INFO] (Cobblemon) Loaded 2022 Pokémon variations.
[22:33:12] [Render thread/INFO] (Cobblemon) Loading Poké Ball assets...
[22:33:12] [Render thread/INFO] (Cobblemon) Loaded 2 Poké Ball models.
[22:33:12] [Render thread/INFO] (Cobblemon) Loaded 48 Poké Ball posers.
[22:33:12] [Render thread/INFO] (Cobblemon) Loaded 49 Poké Ball variations.
[22:33:12] [Render thread/INFO] (Cobblemon) Loading NPC assets...
[22:33:12] [Render thread/INFO] (Cobblemon) Loaded 4 NPC models.
[22:33:12] [Render thread/INFO] (Cobblemon) Loaded 1 NPC posers.
[22:33:12] [Render thread/INFO] (Cobblemon) Loaded 6 NPC variations.
[22:33:12] [Render thread/INFO] (Cobblemon) Loading Fossil Pokémon assets...
[22:33:12] [Render thread/INFO] (Cobblemon) Loaded 19 Fossil Pokémon models.
[22:33:12] [Render thread/INFO] (Cobblemon) Loaded 19 Fossil Pokémon posers.
[22:33:12] [Render thread/INFO] (Cobblemon) Loaded 19 Fossil Pokémon variations.
[22:33:12] [Render thread/INFO] (Cobblemon) Loading Block Entity assets...
[22:33:12] [Render thread/INFO] (Cobblemon) Loaded 1 Block Entity models.
[22:33:12] [Render thread/INFO] (Cobblemon) Loaded 1 Block Entity posers.
[22:33:12] [Render thread/INFO] (Cobblemon) Loaded 14 Block Entity variations.
[22:33:12] [Render thread/INFO] (Cobblemon) Loading Generic assets...
[22:33:12] [Render thread/INFO] (Cobblemon) Loaded 1 Generic models.
[22:33:12] [Render thread/INFO] (Cobblemon) Loaded 1 Generic posers.
[22:33:12] [Render thread/INFO] (Cobblemon) Loaded 1 Generic variations.
[22:33:12] [Render thread/INFO] (Cobblemon) Loaded 71 berry models
[22:33:12] [Render thread/INFO] (Cobblemon) Loaded 5 misc models
[22:33:12] [Render thread/INFO] (Cobblemon) Loaded assets
[22:33:12] [Render thread/INFO] (Minecraft) [STDOUT]: [FlashMenuOption] Flag canAddFlashOption resettato
[22:33:23] [Render thread/INFO] (Minecraft) Loaded 1780 recipes
[22:33:23] [Render thread/INFO] (Minecraft) Loaded 1923 advancements
[22:33:23] [Render thread/INFO] (Cobblemon) Loaded 5 server scripts and 1 client scripts
[22:33:26] [Render thread/INFO] (Cobblemon) Loaded 936 moves
[22:33:26] [Render thread/INFO] (Cobblemon) Loaded 314 abilities
[22:33:26] [Render thread/INFO] (Cobblemon) Finished additions
[22:33:27] [cobblemon Datafixer Bootstrap/INFO] (Minecraft) 2 Datafixer optimizations took 1 milliseconds
[22:33:27] [Render thread/INFO] (Cobblemon) Imported 259 held item IDs from showdown
[22:33:27] [Render thread/INFO] (Cobblemon) Loaded 1025 Pokémon species
[22:33:27] [Render thread/INFO] (Cobblemon) Loaded 25 spawn detail presets.
[22:33:27] [Render thread/INFO] (Cobblemon) Starting dummy Showdown battle to force it to pre-load data.
[22:33:28] [Render thread/INFO] (Cobblemon) Loaded 15 fossils
[22:33:28] [Render thread/ERROR] (ModNioResourcePack) Invalid path in mod resource-pack cobblemon: cobblemon:dex_entry_additions/README.md, ignoring
[22:33:28] [Render thread/ERROR] (ModNioResourcePack) Invalid path in mod resource-pack cobblemon: cobblemon:dex_additions/README.md, ignoring
[22:33:28] [Render thread/INFO] (Cobblemon) Loaded 1 flows and 0 client flows
[22:33:29] [Render thread/INFO] (Cobblemon) Loaded 69 berries
[22:33:29] [Render thread/INFO] (BiomeModificationImpl) Applied 541 biome modifications to 64 of 64 new biomes in 14.02 ms
[22:33:29] [Server thread/INFO] (Minecraft) Starting integrated minecraft server version 1.21.1
[22:33:29] [Server thread/INFO] (Minecraft) Generating keypair
[22:33:30] [Server thread/INFO] (Minecraft) Preparing start region for dimension minecraft:overworld
[22:33:30] [Render thread/INFO] (Minecraft) Preparing spawn area: 0%
[22:33:31] [Render thread/INFO] (Minecraft) Time elapsed: 534 ms
[22:33:31] [Server thread/INFO] (Minecraft) Changing view distance to 12, from 10
[22:33:31] [Server thread/INFO] (Minecraft) Changing simulation distance to 12, from 0
[22:33:32] [Server thread/INFO] (Minecraft) Player110[local:E:44c70fa7] logged in with entity id 78 at (-33.83550755922817, 85.0, 4.706974581988859)
[22:33:32] [Server thread/INFO] (Minecraft) Player110 joined the game
[22:33:32] [Render thread/INFO] (Minecraft) Loaded 2 advancements
[22:33:39] [Server thread/INFO] (Minecraft) Saving and pausing game...
[22:33:39] [Server thread/INFO] (Minecraft) Saving chunks for level 'ServerLevel[New World]'/minecraft:overworld
[22:33:39] [Server thread/INFO] (Minecraft) Saving chunks for level 'ServerLevel[New World]'/minecraft:the_nether
[22:33:39] [Server thread/INFO] (Minecraft) Saving chunks for level 'ServerLevel[New World]'/minecraft:the_end
[22:33:40] [Server thread/INFO] (Minecraft) Player110 has made the advancement [The World of Cobblemon!]
[22:33:40] [Render thread/INFO] (Minecraft) [System] [CHAT] Player110 has made the advancement [The World of Cobblemon!]
[22:33:40] [Render thread/INFO] (Minecraft) Loaded 16 advancements
[22:33:51] [Server thread/INFO] (Minecraft) [Player110: Player110's Charmander learnt Fly.]
[22:33:51] [Render thread/INFO] (Minecraft) [System] [CHAT] Player110's Charmander learnt Fly.
[22:33:52] [Server thread/INFO] (Minecraft) [Player110: Player110's Charmander learnt Flash.]
[22:33:52] [Render thread/INFO] (Minecraft) [System] [CHAT] Player110's Charmander learnt Flash.
[22:33:52] [Server thread/INFO] (Minecraft) Saving and pausing game...
[22:33:52] [Server thread/INFO] (Minecraft) Saving chunks for level 'ServerLevel[New World]'/minecraft:overworld
[22:33:52] [Server thread/INFO] (Minecraft) Saving chunks for level 'ServerLevel[New World]'/minecraft:the_nether
[22:33:52] [Server thread/INFO] (Minecraft) Saving chunks for level 'ServerLevel[New World]'/minecraft:the_end
[22:33:53] [Server thread/INFO] (Minecraft) [STDOUT]: [FlyMenuOption] Pacchetto FlyMenuC2SPacket inviato al server
[22:33:53] [Server thread/INFO] (Minecraft) [STDOUT]: [FlashMenuOption] Pacchetto FlashMenuC2SPacket inviato al server
[22:33:53] [Server thread/INFO] (Minecraft) [STDOUT]: Receiver FlyMenuC2SPacket registrato
[22:33:53] [Server thread/INFO] (Minecraft) [STDOUT]: Receiver FlashMenuC2SPacket registrato
[22:33:53] [Server thread/INFO] (Minecraft) [STDOUT]: false variabile bool fly nel pokemon
[22:33:53] [Server thread/INFO] (Minecraft) [STDOUT]: false variabile bool flash nel pokemon
[22:33:53] [Render thread/INFO] (Minecraft) [STDOUT]: [FlyMenuOption] Flag aggiornato: canAddFlyOption = false
[22:33:53] [Render thread/INFO] (Minecraft) [STDOUT]: [FlashMenuOption] Flag aggiornato: canAddFlashOption = false
[22:34:02] [Server thread/INFO] (Minecraft) [STDOUT]: [FlyMenuOption] Pacchetto FlyMenuC2SPacket inviato al server
[22:34:02] [Server thread/INFO] (Minecraft) [STDOUT]: [FlashMenuOption] Pacchetto FlashMenuC2SPacket inviato al server
[22:34:02] [Server thread/INFO] (Minecraft) [STDOUT]: Receiver FlyMenuC2SPacket registrato
[22:34:02] [Server thread/INFO] (Minecraft) [STDOUT]: Receiver FlashMenuC2SPacket registrato
[22:34:02] [Server thread/INFO] (Minecraft) [STDOUT]: true variabile bool fly nel pokemon
[22:34:02] [Server thread/INFO] (Minecraft) [STDOUT]: false variabile bool flash nel pokemon
[22:34:02] [Render thread/INFO] (Minecraft) [STDOUT]: [FlyMenuOption] Flag aggiornato: canAddFlyOption = true
[22:34:02] [Render thread/INFO] (Minecraft) [STDOUT]: [FlashMenuOption] Flag aggiornato: canAddFlashOption = false
[22:34:08] [Server thread/INFO] (Minecraft) [STDOUT]: [FlyMenuOption] Pacchetto FlyMenuC2SPacket inviato al server
[22:34:08] [Server thread/INFO] (Minecraft) [STDOUT]: [FlashMenuOption] Pacchetto FlashMenuC2SPacket inviato al server
[22:34:08] [Server thread/INFO] (Minecraft) [STDOUT]: Receiver FlyMenuC2SPacket registrato
[22:34:08] [Server thread/INFO] (Minecraft) [STDOUT]: Receiver FlashMenuC2SPacket registrato
[22:34:08] [Server thread/INFO] (Minecraft) [STDOUT]: false variabile bool fly nel pokemon
[22:34:08] [Server thread/INFO] (Minecraft) [STDOUT]: true variabile bool flash nel pokemon
[22:34:08] [Render thread/INFO] (Minecraft) [STDOUT]: [FlyMenuOption] Flag aggiornato: canAddFlyOption = false
[22:34:08] [Render thread/INFO] (Minecraft) [STDOUT]: [FlashMenuOption] Flag aggiornato: canAddFlashOption = true
[22:34:11] [Render thread/INFO] (Minecraft) [STDOUT]: [FlashMenuOption] Opzione Flash premuta!
[22:34:17] [Server thread/INFO] (Minecraft) [STDOUT]: [FlyMenuOption] Pacchetto FlyMenuC2SPacket inviato al server
[22:34:17] [Server thread/INFO] (Minecraft) [STDOUT]: [FlashMenuOption] Pacchetto FlashMenuC2SPacket inviato al server
[22:34:17] [Server thread/INFO] (Minecraft) [STDOUT]: Receiver FlyMenuC2SPacket registrato
[22:34:17] [Server thread/INFO] (Minecraft) [STDOUT]: Receiver FlashMenuC2SPacket registrato
[22:34:17] [Server thread/INFO] (Minecraft) [STDOUT]: true variabile bool fly nel pokemon
[22:34:17] [Server thread/INFO] (Minecraft) [STDOUT]: true variabile bool flash nel pokemon
[22:34:17] [Render thread/INFO] (Minecraft) [STDOUT]: [FlyMenuOption] Flag aggiornato: canAddFlyOption = true
[22:34:17] [Render thread/INFO] (Minecraft) [STDOUT]: [FlashMenuOption] Flag aggiornato: canAddFlashOption = true
[22:34:20] [Render thread/INFO] (Minecraft) [STDOUT]: [FlyMenuOption] Opzione Fly premuta!
[22:34:20] [Server thread/INFO] (Minecraft) Saving and pausing game...
[22:34:20] [Server thread/INFO] (Minecraft) Saving chunks for level 'ServerLevel[New World]'/minecraft:overworld
[22:34:20] [Server thread/INFO] (Minecraft) Saving chunks for level 'ServerLevel[New World]'/minecraft:the_nether
[22:34:20] [Server thread/INFO] (Minecraft) Saving chunks for level 'ServerLevel[New World]'/minecraft:the_end
[22:34:22] [Render thread/INFO] (Minecraft) [STDOUT]: [FlashMenuOption] Opzione Flash premuta!
[22:34:25] [Server thread/INFO] (Minecraft) Saving and pausing game...
[22:34:25] [Server thread/INFO] (Minecraft) Saving chunks for level 'ServerLevel[New World]'/minecraft:overworld
[22:34:25] [Server thread/INFO] (Minecraft) Saving chunks for level 'ServerLevel[New World]'/minecraft:the_nether
[22:34:25] [Server thread/INFO] (Minecraft) Saving chunks for level 'ServerLevel[New World]'/minecraft:the_end
[22:34:26] [Server thread/INFO] (Minecraft) Player110 lost connection: Disconnected
[22:34:26] [Server thread/INFO] (Minecraft) Player110 left the game
[22:34:26] [Server thread/INFO] (Minecraft) Stopping singleplayer server as player logged out
[22:34:26] [Server thread/INFO] (Minecraft) Stopping server
[22:34:26] [Server thread/INFO] (Minecraft) Saving players
[22:34:26] [Server thread/INFO] (Minecraft) Saving worlds
[22:34:26] [Server thread/INFO] (Minecraft) Saving chunks for level 'ServerLevel[New World]'/minecraft:overworld
[22:34:26] [Server thread/INFO] (Minecraft) Saving chunks for level 'ServerLevel[New World]'/minecraft:the_nether
[22:34:26] [Server thread/INFO] (Minecraft) Saving chunks for level 'ServerLevel[New World]'/minecraft:the_end
[22:34:26] [Server thread/INFO] (Minecraft) ThreadedAnvilChunkStorage (New World): All chunks are saved
[22:34:26] [Server thread/INFO] (Minecraft) ThreadedAnvilChunkStorage (DIM-1): All chunks are saved
[22:34:26] [Server thread/INFO] (Minecraft) ThreadedAnvilChunkStorage (DIM1): All chunks are saved
[22:34:26] [Server thread/INFO] (Minecraft) ThreadedAnvilChunkStorage: All dimensions are saved
[22:34:26] [Render thread/INFO] (Minecraft) Stopping!
